# JRE version: Java(TM) SE Runtime Environment (8.0_321-b07) (build 1.8.0_321-b07)
# Java VM: Java HotSpot(TM) 64-Bit Server VM (25.321-b07 mixed mode windows-amd64 compressed oops)
Heap:
 PSYoungGen      total 24064K, used 6394K [0x000000076b000000, 0x000000076d480000, 0x00000007c0000000)
  eden space 18432K, 4% used [0x000000076b000000,0x000000076b0c3968,0x000000076c200000)
  from space 5632K, 99% used [0x000000076cb00000,0x000000076d07af88,0x000000076d080000)
  to   space 9216K, 0% used [0x000000076c200000,0x000000076c200000,0x000000076cb00000)
 ParOldGen       total 15872K, used 11783K [0x00000006c1000000, 0x00000006c1f80000, 0x000000076b000000)
  object space 15872K, 74% used [0x00000006c1000000,0x00000006c1b81e98,0x00000006c1f80000)
 Metaspace       used 9627K, capacity 10080K, committed 10368K, reserved 1058816K
  class space    used 1077K, capacity 1108K, committed 1152K, reserved 1048576K
GC Heap History (10 events):
Event: 0.423 GC heap before
{Heap before GC invocations=6 (full 0):
 PSYoungGen      total 6656K, used 6636K [0x000000076b000000, 0x000000076c100000, 0x00000007c0000000)
  eden space 6144K, 100% used [0x000000076b000000,0x000000076b600000,0x000000076b600000)
  from space 512K, 96% used [0x000000076b600000,0x000000076b67b398,0x000000076b680000)
  to   space 2560K, 0% used [0x000000076be80000,0x000000076be80000,0x000000076c100000)
 ParOldGen       total 5632K, used 2982K [0x00000006c1000000, 0x00000006c1580000, 0x000000076b000000)
  object space 5632K, 52% used [0x00000006c1000000,0x00000006c12e9b18,0x00000006c1580000)
 Metaspace       used 7408K, capacity 8276K, committed 8448K, reserved 1056768K
  class space    used 880K, capacity 912K, committed 1024K, reserved 1048576K
Event: 0.425 GC heap after
Heap after GC invocations=6 (full 0):
 PSYoungGen      total 14336K, used 2540K [0x000000076b000000, 0x000000076c200000, 0x00000007c0000000)
  eden space 11776K, 0% used [0x000000076b000000,0x000000076b000000,0x000000076bb80000)
  from space 2560K, 99% used [0x000000076be80000,0x000000076c0fb338,0x000000076c100000)
  to   space 3072K, 0% used [0x000000076bb80000,0x000000076bb80000,0x000000076be80000)
 ParOldGen       total 5632K, used 3094K [0x00000006c1000000, 0x00000006c1580000, 0x000000076b000000)
  object space 5632K, 54% used [0x00000006c1000000,0x00000006c1305b18,0x00000006c1580000)
 Metaspace       used 7408K, capacity 8276K, committed 8448K, reserved 1056768K
  class space    used 880K, capacity 912K, committed 1024K, reserved 1048576K
}
Event: 0.508 GC heap before
{Heap before GC invocations=7 (full 0):
 PSYoungGen      total 14336K, used 14316K [0x000000076b000000, 0x000000076c200000, 0x00000007c0000000)
  eden space 11776K, 100% used [0x000000076b000000,0x000000076bb80000,0x000000076bb80000)
  from space 2560K, 99% used [0x000000076be80000,0x000000076c0fb338,0x000000076c100000)
  to   space 3072K, 0% used [0x000000076bb80000,0x000000076bb80000,0x000000076be80000)
 ParOldGen       total 5632K, used 3094K [0x00000006c1000000, 0x00000006c1580000, 0x000000076b000000)
  object space 5632K, 54% used [0x00000006c1000000,0x00000006c1305b18,0x00000006c1580000)
 Metaspace       used 7549K, capacity 8372K, committed 8704K, reserved 1056768K
  class space    used 890K, capacity 944K, committed 1024K, reserved 1048576K
Event: 0.513 GC heap after
Heap after GC invocations=7 (full 0):
 PSYoungGen      total 14848K, used 3067K [0x000000076b000000, 0x000000076d200000, 0x00000007c0000000)
  eden space 11776K, 0% used [0x000000076b000000,0x000000076b000000,0x000000076bb80000)
  from space 3072K, 99% used [0x000000076bb80000,0x000000076be7ee60,0x000000076be80000)
  to   space 5632K, 0% used [0x000000076cc80000,0x000000076cc80000,0x000000076d200000)
 ParOldGen       total 9216K, used 7171K [0x00000006c1000000, 0x00000006c1900000, 0x000000076b000000)
  object space 9216K, 77% used [0x00000006c1000000,0x00000006c1700dc8,0x00000006c1900000)
 Metaspace       used 7549K, capacity 8372K, committed 8704K, reserved 1056768K
  class space    used 890K, capacity 944K, committed 1024K, reserved 1048576K
}
Event: 0.513 GC heap before
{Heap before GC invocations=8 (full 1):
 PSYoungGen      total 14848K, used 3067K [0x000000076b000000, 0x000000076d200000, 0x00000007c0000000)
  eden space 11776K, 0% used [0x000000076b000000,0x000000076b000000,0x000000076bb80000)
  from space 3072K, 99% used [0x000000076bb80000,0x000000076be7ee60,0x000000076be80000)
  to   space 5632K, 0% used [0x000000076cc80000,0x000000076cc80000,0x000000076d200000)
 ParOldGen       total 9216K, used 7171K [0x00000006c1000000, 0x00000006c1900000, 0x000000076b000000)
  object space 9216K, 77% used [0x00000006c1000000,0x00000006c1700dc8,0x00000006c1900000)
 Metaspace       used 7549K, capacity 8372K, committed 8704K, reserved 1056768K
  class space    used 890K, capacity 944K, committed 1024K, reserved 1048576K
Event: 0.572 GC heap after
Heap after GC invocations=8 (full 1):
 PSYoungGen      total 14848K, used 506K [0x000000076b000000, 0x000000076d200000, 0x00000007c0000000)
  eden space 11776K, 0% used [0x000000076b000000,0x000000076b000000,0x000000076bb80000)
  from space 3072K, 16% used [0x000000076bb80000,0x000000076bbfebf8,0x000000076be80000)
  to   space 5632K, 0% used [0x000000076cc80000,0x000000076cc80000,0x000000076d200000)
 ParOldGen       total 15872K, used 9146K [0x00000006c1000000, 0x00000006c1f80000, 0x000000076b000000)
  object space 15872K, 57% used [0x00000006c1000000,0x00000006c18ee9b8,0x00000006c1f80000)
 Metaspace       used 7549K, capacity 8372K, committed 8704K, reserved 1056768K
  class space    used 890K, capacity 944K, committed 1024K, reserved 1048576K
}
Event: 0.638 GC heap before
{Heap before GC invocations=9 (full 1):
 PSYoungGen      total 14848K, used 12282K [0x000000076b000000, 0x000000076d200000, 0x00000007c0000000)
  eden space 11776K, 100% used [0x000000076b000000,0x000000076bb80000,0x000000076bb80000)
  from space 3072K, 16% used [0x000000076bb80000,0x000000076bbfebf8,0x000000076be80000)
  to   space 5632K, 0% used [0x000000076cc80000,0x000000076cc80000,0x000000076d200000)
 ParOldGen       total 15872K, used 9146K [0x00000006c1000000, 0x00000006c1f80000, 0x000000076b000000)
  object space 15872K, 57% used [0x00000006c1000000,0x00000006c18ee9b8,0x00000006c1f80000)
 Metaspace       used 7753K, capacity 8564K, committed 8704K, reserved 1056768K
  class space    used 904K, capacity 944K, committed 1024K, reserved 1048576K
Event: 0.641 GC heap after
Heap after GC invocations=9 (full 1):
 PSYoungGen      total 19968K, used 5039K [0x000000076b000000, 0x000000076d180000, 0x00000007c0000000)
  eden space 14848K, 0% used [0x000000076b000000,0x000000076b000000,0x000000076be80000)
  from space 5120K, 98% used [0x000000076cc80000,0x000000076d16bf70,0x000000076d180000)
  to   space 6656K, 0% used [0x000000076c480000,0x000000076c480000,0x000000076cb00000)
 ParOldGen       total 15872K, used 9154K [0x00000006c1000000, 0x00000006c1f80000, 0x000000076b000000)
  object space 15872K, 57% used [0x00000006c1000000,0x00000006c18f09b8,0x00000006c1f80000)
 Metaspace       used 7753K, capacity 8564K, committed 8704K, reserved 1056768K
  class space    used 904K, capacity 944K, committed 1024K, reserved 1048576K
}
Event: 0.774 GC heap before
{Heap before GC invocations=10 (full 1):
 PSYoungGen      total 19968K, used 19887K [0x000000076b000000, 0x000000076d180000, 0x00000007c0000000)
  eden space 14848K, 100% used [0x000000076b000000,0x000000076be80000,0x000000076be80000)
  from space 5120K, 98% used [0x000000076cc80000,0x000000076d16bf70,0x000000076d180000)
  to   space 6656K, 0% used [0x000000076c480000,0x000000076c480000,0x000000076cb00000)
 ParOldGen       total 15872K, used 9154K [0x00000006c1000000, 0x00000006c1f80000, 0x000000076b000000)
  object space 15872K, 57% used [0x00000006c1000000,0x00000006c18f09b8,0x00000006c1f80000)
 Metaspace       used 8812K, capacity 9376K, committed 9600K, reserved 1058816K
  class space    used 1007K, capacity 1044K, committed 1152K, reserved 1048576K
Event: 0.777 GC heap after
Heap after GC invocations=10 (full 1):
 PSYoungGen      total 23552K, used 6630K [0x000000076b000000, 0x000000076d080000, 0x00000007c0000000)
  eden space 16896K, 0% used [0x000000076b000000,0x000000076b000000,0x000000076c080000)
  from space 6656K, 99% used [0x000000076c480000,0x000000076caf9b10,0x000000076cb00000)
  to   space 5632K, 0% used [0x000000076cb00000,0x000000076cb00000,0x000000076d080000)
 ParOldGen       total 15872K, used 9690K [0x00000006c1000000, 0x00000006c1f80000, 0x000000076b000000)
  object space 15872K, 61% used [0x00000006c1000000,0x00000006c19769b8,0x00000006c1f80000)
 Metaspace       used 8812K, capacity 9376K, committed 9600K, reserved 1058816K
  class space    used 1007K, capacity 1044K, committed 1152K, reserved 1048576K
}

